<?xml version="1.0" encoding="UTF-8"?>
<!-- Generated by org.testng.reporters.JUnitXMLReporter -->
<testsuite ignored="0" hostname="DESKTOP-GH6SL2D" failures="0" tests="6" name="Default test" time="14.331" errors="0" timestamp="2025-03-23T05:38:25 IST">
  <testcase classname="api.test.DDTests" name="testPostuser" time="4.538"/>
  <testcase classname="api.test.DDTests" name="testPostuser" time="1.51"/>
  <testcase classname="api.test.DDTests" name="testPostuser" time="1.517"/>
  <testcase classname="api.test.DDTests" name="testDeleteUserByName" time="1.427"/>
  <testcase classname="api.test.DDTests" name="testDeleteUserByName" time="1.382"/>
  <testcase classname="api.test.DDTests" name="testDeleteUserByName" time="1.402"/>
</testsuite> <!-- Default test -->
