<?xml version="1.0" encoding="UTF-8"?>
<!-- Generated by org.testng.reporters.JUnitXMLReporter -->
<testsuite ignored="0" hostname="DESKTOP-GH6SL2D" failures="0" tests="4" name="PetTest" time="15.944" errors="0" timestamp="2025-03-24T03:07:32 IST">
  <testcase classname="api.test.UserTests" name="testPostUser" time="5.536"/>
  <testcase classname="api.test.UserTests" name="testGetUser" time="2.145"/>
  <testcase classname="api.test.UserTests" name="testUpdateUser" time="4.742"/>
  <testcase classname="api.test.UserTests" name="testDeleteUser" time="1.919"/>
</testsuite> <!-- PetTest -->
